mode: set
golang.org/x/example/gotypes/implements/main.go:29.13,33.16 3 0
golang.org/x/example/gotypes/implements/main.go:36.2,38.16 3 0
golang.org/x/example/gotypes/implements/main.go:44.2,45.43 2 0
golang.org/x/example/gotypes/implements/main.go:53.2,53.29 1 0
golang.org/x/example/gotypes/implements/main.go:33.16,35.3 1 0
golang.org/x/example/gotypes/implements/main.go:38.16,40.3 1 0
golang.org/x/example/gotypes/implements/main.go:45.43,46.64 1 0
golang.org/x/example/gotypes/implements/main.go:46.64,48.4 1 0
golang.org/x/example/gotypes/implements/main.go:53.29,54.30 1 0
golang.org/x/example/gotypes/implements/main.go:54.30,55.39 1 0
golang.org/x/example/gotypes/implements/main.go:58.4,58.32 1 0
golang.org/x/example/gotypes/implements/main.go:55.39,56.13 1 0
golang.org/x/example/gotypes/implements/main.go:58.32,60.5 1 0
golang.org/x/example/gotypes/implements/main.go:60.10,61.48 1 0
golang.org/x/example/gotypes/implements/main.go:61.48,63.5 1 0
golang.org/x/example/gotypes/nilfunc/main.go:30.13,32.16 2 0
golang.org/x/example/gotypes/nilfunc/main.go:35.2,41.78 3 0
golang.org/x/example/gotypes/nilfunc/main.go:45.2,45.39 1 0
golang.org/x/example/gotypes/nilfunc/main.go:32.16,34.3 1 0
golang.org/x/example/gotypes/nilfunc/main.go:41.78,43.3 1 0
golang.org/x/example/gotypes/nilfunc/main.go:45.39,46.15 1 0
golang.org/x/example/gotypes/nilfunc/main.go:49.3,49.14 1 0
golang.org/x/example/gotypes/nilfunc/main.go:46.15,48.4 1 0
golang.org/x/example/gotypes/nilfunc/main.go:56.59,58.9 2 0
golang.org/x/example/gotypes/nilfunc/main.go:61.2,61.44 1 0
golang.org/x/example/gotypes/nilfunc/main.go:66.2,67.29 2 0
golang.org/x/example/gotypes/nilfunc/main.go:76.2,77.27 2 0
golang.org/x/example/gotypes/nilfunc/main.go:86.2,86.37 1 0
golang.org/x/example/gotypes/nilfunc/main.go:90.2,91.63 1 0
golang.org/x/example/gotypes/nilfunc/main.go:58.9,60.3 1 0
golang.org/x/example/gotypes/nilfunc/main.go:61.44,63.3 1 0
golang.org/x/example/gotypes/nilfunc/main.go:67.29,69.3 1 0
golang.org/x/example/gotypes/nilfunc/main.go:69.8,69.36 1 0
golang.org/x/example/gotypes/nilfunc/main.go:69.36,71.3 1 0
golang.org/x/example/gotypes/nilfunc/main.go:71.8,73.3 1 0
golang.org/x/example/gotypes/nilfunc/main.go:78.18,79.21 1 0
golang.org/x/example/gotypes/nilfunc/main.go:80.25,81.25 1 0
golang.org/x/example/gotypes/nilfunc/main.go:82.10,83.9 1 0
golang.org/x/example/gotypes/nilfunc/main.go:86.37,88.3 1 0
golang.org/x/example/gotypes/pkginfo/main.go:22.13,29.16 3 0
golang.org/x/example/gotypes/pkginfo/main.go:36.2,41.16 3 0
golang.org/x/example/gotypes/pkginfo/main.go:45.2,48.42 4 0
golang.org/x/example/gotypes/pkginfo/main.go:29.16,31.3 1 0
golang.org/x/example/gotypes/pkginfo/main.go:41.16,43.3 1 0
golang.org/x/example/gotypes/typeandvalue/main.go:31.13,33.16 2 0
golang.org/x/example/gotypes/typeandvalue/main.go:37.2,39.79 3 0
golang.org/x/example/gotypes/typeandvalue/main.go:45.2,45.39 1 0
golang.org/x/example/gotypes/typeandvalue/main.go:33.16,35.3 1 0
golang.org/x/example/gotypes/typeandvalue/main.go:39.79,41.3 1 0
golang.org/x/example/gotypes/typeandvalue/main.go:45.39,46.35 1 0
golang.org/x/example/gotypes/typeandvalue/main.go:55.3,55.14 1 0
golang.org/x/example/gotypes/typeandvalue/main.go:46.35,47.38 1 0
golang.org/x/example/gotypes/typeandvalue/main.go:47.38,50.24 3 0
golang.org/x/example/gotypes/typeandvalue/main.go:50.24,52.6 1 0
golang.org/x/example/gotypes/typeandvalue/main.go:61.36,65.2 3 0
golang.org/x/example/gotypes/typeandvalue/main.go:68.41,70.17 2 0
golang.org/x/example/gotypes/typeandvalue/main.go:73.2,73.17 1 0
golang.org/x/example/gotypes/typeandvalue/main.go:76.2,76.20 1 0
golang.org/x/example/gotypes/typeandvalue/main.go:79.2,79.18 1 0
golang.org/x/example/gotypes/typeandvalue/main.go:82.2,82.16 1 0
golang.org/x/example/gotypes/typeandvalue/main.go:85.2,85.22 1 0
golang.org/x/example/gotypes/typeandvalue/main.go:88.2,88.21 1 0
golang.org/x/example/gotypes/typeandvalue/main.go:91.2,91.16 1 0
golang.org/x/example/gotypes/typeandvalue/main.go:94.2,94.14 1 0
golang.org/x/example/gotypes/typeandvalue/main.go:70.17,72.3 1 0
golang.org/x/example/gotypes/typeandvalue/main.go:73.17,75.3 1 0
golang.org/x/example/gotypes/typeandvalue/main.go:76.20,78.3 1 0
golang.org/x/example/gotypes/typeandvalue/main.go:79.18,81.3 1 0
golang.org/x/example/gotypes/typeandvalue/main.go:82.16,84.3 1 0
golang.org/x/example/gotypes/typeandvalue/main.go:85.22,87.3 1 0
golang.org/x/example/gotypes/typeandvalue/main.go:88.21,90.3 1 0
golang.org/x/example/gotypes/typeandvalue/main.go:91.16,93.3 1 0
golang.org/x/example/stringutil/reverse.go:21.31,23.57 2 1
golang.org/x/example/stringutil/reverse.go:26.2,26.18 1 1
golang.org/x/example/stringutil/reverse.go:23.57,25.3 1 1
golang.org/x/example/gotypes/weave.go:19.13,22.23 3 0
golang.org/x/example/gotypes/weave.go:26.2,27.16 2 0
golang.org/x/example/gotypes/weave.go:30.2,37.16 5 0
golang.org/x/example/gotypes/weave.go:60.2,60.50 1 0
golang.org/x/example/gotypes/weave.go:63.2,64.16 2 0
golang.org/x/example/gotypes/weave.go:22.23,24.3 1 0
golang.org/x/example/gotypes/weave.go:27.16,29.3 1 0
golang.org/x/example/gotypes/weave.go:37.16,39.55 2 0
golang.org/x/example/gotypes/weave.go:42.3,43.21 2 0
golang.org/x/example/gotypes/weave.go:39.55,40.12 1 0
golang.org/x/example/gotypes/weave.go:43.21,45.4 1 0
golang.org/x/example/gotypes/weave.go:45.9,45.77 1 0
golang.org/x/example/gotypes/weave.go:45.77,50.25 5 0
golang.org/x/example/gotypes/weave.go:53.4,55.27 2 0
golang.org/x/example/gotypes/weave.go:50.25,52.5 1 0
golang.org/x/example/gotypes/weave.go:60.50,62.3 1 0
golang.org/x/example/gotypes/weave.go:64.16,66.10 2 0
golang.org/x/example/gotypes/weave.go:67.40,68.26 1 0
golang.org/x/example/gotypes/weave.go:71.44,73.22 2 0
golang.org/x/example/gotypes/weave.go:76.4,79.41 2 0
golang.org/x/example/gotypes/weave.go:84.4,85.22 2 0
golang.org/x/example/gotypes/weave.go:88.4,89.18 2 0
golang.org/x/example/gotypes/weave.go:92.4,94.22 3 0
golang.org/x/example/gotypes/weave.go:95.11,96.21 1 0
golang.org/x/example/gotypes/weave.go:68.26,70.5 1 0
golang.org/x/example/gotypes/weave.go:73.22,75.5 1 0
golang.org/x/example/gotypes/weave.go:79.41,82.5 1 0
golang.org/x/example/gotypes/weave.go:85.22,87.5 1 0
golang.org/x/example/gotypes/weave.go:89.18,91.5 1 0
golang.org/x/example/gotypes/weave.go:105.48,107.16 2 0
golang.org/x/example/gotypes/weave.go:110.2,113.16 3 0
golang.org/x/example/gotypes/weave.go:116.2,117.16 2 0
golang.org/x/example/gotypes/weave.go:121.2,124.16 4 0
golang.org/x/example/gotypes/weave.go:137.2,137.21 1 0
golang.org/x/example/gotypes/weave.go:140.2,140.27 1 0
golang.org/x/example/gotypes/weave.go:107.16,109.3 1 0
golang.org/x/example/gotypes/weave.go:113.16,115.3 1 0
golang.org/x/example/gotypes/weave.go:117.16,119.3 1 0
golang.org/x/example/gotypes/weave.go:124.16,126.10 2 0
golang.org/x/example/gotypes/weave.go:127.34,128.13 1 0
golang.org/x/example/gotypes/weave.go:129.32,130.14 1 0
golang.org/x/example/gotypes/weave.go:131.11,134.24 3 0
golang.org/x/example/gotypes/weave.go:137.21,139.3 1 0
golang.org/x/example/gotypes/weave.go:143.32,143.72 1 0
golang.org/x/example/gotypes/weave.go:145.33,147.2 1 0
golang.org/x/example/gotypes/weave.go:151.39,156.29 3 0
golang.org/x/example/gotypes/weave.go:165.2,165.29 1 0
golang.org/x/example/gotypes/weave.go:173.2,173.39 1 0
golang.org/x/example/gotypes/weave.go:177.2,177.50 1 0
golang.org/x/example/gotypes/weave.go:180.2,180.34 1 0
golang.org/x/example/gotypes/weave.go:156.29,157.36 1 0
golang.org/x/example/gotypes/weave.go:157.36,159.4 1 0
golang.org/x/example/gotypes/weave.go:159.9,160.40 1 0
golang.org/x/example/gotypes/weave.go:160.40,162.5 1 0
golang.org/x/example/gotypes/weave.go:165.29,166.17 1 0
golang.org/x/example/gotypes/weave.go:166.17,169.4 2 0
golang.org/x/example/gotypes/weave.go:173.39,175.3 1 0
golang.org/x/example/gotypes/weave.go:177.50,179.3 1 0
golang.org/x/example/gotypes/weave.go:183.32,185.29 2 0
golang.org/x/example/gotypes/weave.go:190.2,190.10 1 0
golang.org/x/example/gotypes/weave.go:185.29,186.19 1 0
golang.org/x/example/gotypes/weave.go:186.19,187.9 1 0
golang.org/x/example/gotypes/lookup/lookup.go:36.13,39.16 3 0
golang.org/x/example/gotypes/lookup/lookup.go:43.2,45.16 3 0
golang.org/x/example/gotypes/lookup/lookup.go:51.2,51.37 1 0
golang.org/x/example/gotypes/lookup/lookup.go:39.16,41.3 1 0
golang.org/x/example/gotypes/lookup/lookup.go:45.16,47.3 1 0
golang.org/x/example/gotypes/lookup/lookup.go:51.37,56.58 5 0
golang.org/x/example/gotypes/lookup/lookup.go:56.58,58.4 1 0
golang.org/x/example/gotypes/lookup/lookup.go:58.9,60.4 1 0
golang.org/x/example/gotypes/skeleton/main.go:28.74,30.16 2 0
golang.org/x/example/gotypes/skeleton/main.go:33.2,33.41 1 0
golang.org/x/example/gotypes/skeleton/main.go:36.2,37.9 2 0
golang.org/x/example/gotypes/skeleton/main.go:42.2,42.34 1 0
golang.org/x/example/gotypes/skeleton/main.go:45.2,50.34 5 0
golang.org/x/example/gotypes/skeleton/main.go:57.2,57.12 1 0
golang.org/x/example/gotypes/skeleton/main.go:30.16,32.3 1 0
golang.org/x/example/gotypes/skeleton/main.go:33.41,35.3 1 0
golang.org/x/example/gotypes/skeleton/main.go:37.9,40.3 1 0
golang.org/x/example/gotypes/skeleton/main.go:42.34,44.3 1 0
golang.org/x/example/gotypes/skeleton/main.go:50.34,56.3 3 0
golang.org/x/example/gotypes/skeleton/main.go:62.40,63.23 1 0
golang.org/x/example/gotypes/skeleton/main.go:69.2,69.17 1 0
golang.org/x/example/gotypes/skeleton/main.go:63.23,65.35 1 0
golang.org/x/example/gotypes/skeleton/main.go:65.35,67.4 1 0
golang.org/x/example/gotypes/skeleton/main.go:72.13,73.23 1 0
golang.org/x/example/gotypes/skeleton/main.go:76.2,82.16 5 0
golang.org/x/example/gotypes/skeleton/main.go:85.2,86.64 2 0
golang.org/x/example/gotypes/skeleton/main.go:73.23,75.3 1 0
golang.org/x/example/gotypes/skeleton/main.go:82.16,84.3 1 0
golang.org/x/example/gotypes/skeleton/main.go:86.64,88.3 1 0
golang.org/x/example/gotypes/defsuses/main.go:23.67,30.16 4 0
golang.org/x/example/gotypes/defsuses/main.go:34.2,34.33 1 0
golang.org/x/example/gotypes/defsuses/main.go:38.2,38.33 1 0
golang.org/x/example/gotypes/defsuses/main.go:42.2,42.12 1 0
golang.org/x/example/gotypes/defsuses/main.go:30.16,32.3 1 0
golang.org/x/example/gotypes/defsuses/main.go:34.33,37.3 1 0
golang.org/x/example/gotypes/defsuses/main.go:38.33,41.3 1 0
golang.org/x/example/gotypes/defsuses/main.go:47.13,51.16 3 0
golang.org/x/example/gotypes/defsuses/main.go:54.2,54.47 1 0
golang.org/x/example/gotypes/defsuses/main.go:51.16,53.3 1 0
golang.org/x/example/gotypes/defsuses/main.go:54.47,56.3 1 0
golang.org/x/example/hello/hello.go:25.13,27.2 1 0
golang.org/x/example/appengine-hello/app.go:25.13,28.2 1 1
golang.org/x/example/appengine-hello/app.go:30.59,32.2 1 0
golang.org/x/example/gotypes/doc/main.go:16.13,17.23 1 0
golang.org/x/example/gotypes/doc/main.go:21.2,27.16 5 0
golang.org/x/example/gotypes/doc/main.go:32.2,34.16 3 0
golang.org/x/example/gotypes/doc/main.go:41.2,42.67 2 0
golang.org/x/example/gotypes/doc/main.go:48.2,49.25 2 0
golang.org/x/example/gotypes/doc/main.go:17.23,19.3 1 0
golang.org/x/example/gotypes/doc/main.go:27.16,29.3 1 0
golang.org/x/example/gotypes/doc/main.go:34.16,36.3 1 0
golang.org/x/example/gotypes/doc/main.go:42.67,44.3 1 0
golang.org/x/example/gotypes/doc/main.go:49.25,50.24 1 0
golang.org/x/example/gotypes/doc/main.go:51.21,53.10 2 0
golang.org/x/example/gotypes/doc/main.go:54.22,56.10 2 0
golang.org/x/example/gotypes/hello/hello.go:6.13,8.2 1 0
golang.org/x/example/gotypes/hugeparam/main.go:23.80,24.55 1 0
golang.org/x/example/gotypes/hugeparam/main.go:34.2,34.41 1 0
golang.org/x/example/gotypes/hugeparam/main.go:38.2,38.29 1 0
golang.org/x/example/gotypes/hugeparam/main.go:24.55,25.36 1 0
golang.org/x/example/gotypes/hugeparam/main.go:25.36,27.54 2 0
golang.org/x/example/gotypes/hugeparam/main.go:27.54,31.5 1 0
golang.org/x/example/gotypes/hugeparam/main.go:34.41,37.3 2 0
golang.org/x/example/gotypes/hugeparam/main.go:38.29,39.43 1 0
golang.org/x/example/gotypes/hugeparam/main.go:39.43,40.25 1 0
golang.org/x/example/gotypes/hugeparam/main.go:46.4,46.15 1 0
golang.org/x/example/gotypes/hugeparam/main.go:41.23,42.58 1 0
golang.org/x/example/gotypes/hugeparam/main.go:43.22,44.57 1 0
golang.org/x/example/gotypes/hugeparam/main.go:53.13,59.16 4 0
golang.org/x/example/gotypes/hugeparam/main.go:62.2,63.16 2 0
golang.org/x/example/gotypes/hugeparam/main.go:67.2,67.47 1 0
golang.org/x/example/gotypes/hugeparam/main.go:59.16,61.3 1 0
golang.org/x/example/gotypes/hugeparam/main.go:63.16,65.3 1 0
golang.org/x/example/gotypes/hugeparam/main.go:67.47,69.3 1 0
golang.org/x/example/outyet/main.go:41.13,46.2 4 0
golang.org/x/example/outyet/main.go:70.67,74.2 3 0
golang.org/x/example/outyet/main.go:78.25,79.23 1 0
golang.org/x/example/outyet/main.go:82.2,85.12 4 0
golang.org/x/example/outyet/main.go:79.23,81.3 1 0
golang.org/x/example/outyet/main.go:91.22,91.23 0 0
golang.org/x/example/outyet/main.go:96.32,99.16 3 0
golang.org/x/example/outyet/main.go:105.2,105.38 1 0
golang.org/x/example/outyet/main.go:99.16,104.3 4 0
golang.org/x/example/outyet/main.go:109.68,123.16 6 0
golang.org/x/example/outyet/main.go:123.16,125.3 1 0
golang.org/x/example/gotypes/doc/main.go:16.13,17.23 1 0
golang.org/x/example/gotypes/doc/main.go:21.2,27.16 5 0
golang.org/x/example/gotypes/doc/main.go:32.2,34.16 3 0
golang.org/x/example/gotypes/doc/main.go:41.2,42.67 2 0
golang.org/x/example/gotypes/doc/main.go:48.2,49.25 2 0
golang.org/x/example/gotypes/doc/main.go:17.23,19.3 1 0
golang.org/x/example/gotypes/doc/main.go:27.16,29.3 1 0
golang.org/x/example/gotypes/doc/main.go:34.16,36.3 1 0
golang.org/x/example/gotypes/doc/main.go:42.67,44.3 1 0
golang.org/x/example/gotypes/doc/main.go:49.25,50.24 1 0
golang.org/x/example/gotypes/doc/main.go:51.21,53.10 2 0
golang.org/x/example/gotypes/doc/main.go:54.22,56.10 2 0
golang.org/x/example/gotypes/hello/hello.go:6.13,8.2 1 0
golang.org/x/example/gotypes/implements/main.go:29.13,33.16 3 0
golang.org/x/example/gotypes/implements/main.go:36.2,38.16 3 0
golang.org/x/example/gotypes/implements/main.go:44.2,45.43 2 0
golang.org/x/example/gotypes/implements/main.go:53.2,53.29 1 0
golang.org/x/example/gotypes/implements/main.go:33.16,35.3 1 0
golang.org/x/example/gotypes/implements/main.go:38.16,40.3 1 0
golang.org/x/example/gotypes/implements/main.go:45.43,46.64 1 0
golang.org/x/example/gotypes/implements/main.go:46.64,48.4 1 0
golang.org/x/example/gotypes/implements/main.go:53.29,54.30 1 0
golang.org/x/example/gotypes/implements/main.go:54.30,55.39 1 0
golang.org/x/example/gotypes/implements/main.go:58.4,58.32 1 0
golang.org/x/example/gotypes/implements/main.go:55.39,56.13 1 0
golang.org/x/example/gotypes/implements/main.go:58.32,60.5 1 0
golang.org/x/example/gotypes/implements/main.go:60.10,61.48 1 0
golang.org/x/example/gotypes/implements/main.go:61.48,63.5 1 0
golang.org/x/example/hello/hello.go:25.13,27.2 1 0
golang.org/x/example/appengine-hello/app.go:25.13,28.2 1 1
golang.org/x/example/appengine-hello/app.go:30.59,32.2 1 0
golang.org/x/example/gotypes/weave.go:19.13,22.23 3 0
golang.org/x/example/gotypes/weave.go:26.2,27.16 2 0
golang.org/x/example/gotypes/weave.go:30.2,37.16 5 0
golang.org/x/example/gotypes/weave.go:60.2,60.50 1 0
golang.org/x/example/gotypes/weave.go:63.2,64.16 2 0
golang.org/x/example/gotypes/weave.go:22.23,24.3 1 0
golang.org/x/example/gotypes/weave.go:27.16,29.3 1 0
golang.org/x/example/gotypes/weave.go:37.16,39.55 2 0
golang.org/x/example/gotypes/weave.go:42.3,43.21 2 0
golang.org/x/example/gotypes/weave.go:39.55,40.12 1 0
golang.org/x/example/gotypes/weave.go:43.21,45.4 1 0
golang.org/x/example/gotypes/weave.go:45.9,45.77 1 0
golang.org/x/example/gotypes/weave.go:45.77,50.25 5 0
golang.org/x/example/gotypes/weave.go:53.4,55.27 2 0
golang.org/x/example/gotypes/weave.go:50.25,52.5 1 0
golang.org/x/example/gotypes/weave.go:60.50,62.3 1 0
golang.org/x/example/gotypes/weave.go:64.16,66.10 2 0
golang.org/x/example/gotypes/weave.go:67.40,68.26 1 0
golang.org/x/example/gotypes/weave.go:71.44,73.22 2 0
golang.org/x/example/gotypes/weave.go:76.4,79.41 2 0
golang.org/x/example/gotypes/weave.go:84.4,85.22 2 0
golang.org/x/example/gotypes/weave.go:88.4,89.18 2 0
golang.org/x/example/gotypes/weave.go:92.4,94.22 3 0
golang.org/x/example/gotypes/weave.go:95.11,96.21 1 0
golang.org/x/example/gotypes/weave.go:68.26,70.5 1 0
golang.org/x/example/gotypes/weave.go:73.22,75.5 1 0
golang.org/x/example/gotypes/weave.go:79.41,82.5 1 0
golang.org/x/example/gotypes/weave.go:85.22,87.5 1 0
golang.org/x/example/gotypes/weave.go:89.18,91.5 1 0
golang.org/x/example/gotypes/weave.go:105.48,107.16 2 0
golang.org/x/example/gotypes/weave.go:110.2,113.16 3 0
golang.org/x/example/gotypes/weave.go:116.2,117.16 2 0
golang.org/x/example/gotypes/weave.go:121.2,124.16 4 0
golang.org/x/example/gotypes/weave.go:137.2,137.21 1 0
golang.org/x/example/gotypes/weave.go:140.2,140.27 1 0
golang.org/x/example/gotypes/weave.go:107.16,109.3 1 0
golang.org/x/example/gotypes/weave.go:113.16,115.3 1 0
golang.org/x/example/gotypes/weave.go:117.16,119.3 1 0
golang.org/x/example/gotypes/weave.go:124.16,126.10 2 0
golang.org/x/example/gotypes/weave.go:127.34,128.13 1 0
golang.org/x/example/gotypes/weave.go:129.32,130.14 1 0
golang.org/x/example/gotypes/weave.go:131.11,134.24 3 0
golang.org/x/example/gotypes/weave.go:137.21,139.3 1 0
golang.org/x/example/gotypes/weave.go:143.32,143.72 1 0
golang.org/x/example/gotypes/weave.go:145.33,147.2 1 0
golang.org/x/example/gotypes/weave.go:151.39,156.29 3 0
golang.org/x/example/gotypes/weave.go:165.2,165.29 1 0
golang.org/x/example/gotypes/weave.go:173.2,173.39 1 0
golang.org/x/example/gotypes/weave.go:177.2,177.50 1 0
golang.org/x/example/gotypes/weave.go:180.2,180.34 1 0
golang.org/x/example/gotypes/weave.go:156.29,157.36 1 0
golang.org/x/example/gotypes/weave.go:157.36,159.4 1 0
golang.org/x/example/gotypes/weave.go:159.9,160.40 1 0
golang.org/x/example/gotypes/weave.go:160.40,162.5 1 0
golang.org/x/example/gotypes/weave.go:165.29,166.17 1 0
golang.org/x/example/gotypes/weave.go:166.17,169.4 2 0
golang.org/x/example/gotypes/weave.go:173.39,175.3 1 0
golang.org/x/example/gotypes/weave.go:177.50,179.3 1 0
golang.org/x/example/gotypes/weave.go:183.32,185.29 2 0
golang.org/x/example/gotypes/weave.go:190.2,190.10 1 0
golang.org/x/example/gotypes/weave.go:185.29,186.19 1 0
golang.org/x/example/gotypes/weave.go:186.19,187.9 1 0
golang.org/x/example/gotypes/defsuses/main.go:23.67,30.16 4 0
golang.org/x/example/gotypes/defsuses/main.go:34.2,34.33 1 0
golang.org/x/example/gotypes/defsuses/main.go:38.2,38.33 1 0
golang.org/x/example/gotypes/defsuses/main.go:42.2,42.12 1 0
golang.org/x/example/gotypes/defsuses/main.go:30.16,32.3 1 0
golang.org/x/example/gotypes/defsuses/main.go:34.33,37.3 1 0
golang.org/x/example/gotypes/defsuses/main.go:38.33,41.3 1 0
golang.org/x/example/gotypes/defsuses/main.go:47.13,51.16 3 0
golang.org/x/example/gotypes/defsuses/main.go:54.2,54.47 1 0
golang.org/x/example/gotypes/defsuses/main.go:51.16,53.3 1 0
golang.org/x/example/gotypes/defsuses/main.go:54.47,56.3 1 0
golang.org/x/example/gotypes/hugeparam/main.go:23.80,24.55 1 0
golang.org/x/example/gotypes/hugeparam/main.go:34.2,34.41 1 0
golang.org/x/example/gotypes/hugeparam/main.go:38.2,38.29 1 0
golang.org/x/example/gotypes/hugeparam/main.go:24.55,25.36 1 0
golang.org/x/example/gotypes/hugeparam/main.go:25.36,27.54 2 0
golang.org/x/example/gotypes/hugeparam/main.go:27.54,31.5 1 0
golang.org/x/example/gotypes/hugeparam/main.go:34.41,37.3 2 0
golang.org/x/example/gotypes/hugeparam/main.go:38.29,39.43 1 0
golang.org/x/example/gotypes/hugeparam/main.go:39.43,40.25 1 0
golang.org/x/example/gotypes/hugeparam/main.go:46.4,46.15 1 0
golang.org/x/example/gotypes/hugeparam/main.go:41.23,42.58 1 0
golang.org/x/example/gotypes/hugeparam/main.go:43.22,44.57 1 0
golang.org/x/example/gotypes/hugeparam/main.go:53.13,59.16 4 0
golang.org/x/example/gotypes/hugeparam/main.go:62.2,63.16 2 0
golang.org/x/example/gotypes/hugeparam/main.go:67.2,67.47 1 0
golang.org/x/example/gotypes/hugeparam/main.go:59.16,61.3 1 0
golang.org/x/example/gotypes/hugeparam/main.go:63.16,65.3 1 0
golang.org/x/example/gotypes/hugeparam/main.go:67.47,69.3 1 0
golang.org/x/example/gotypes/nilfunc/main.go:30.13,32.16 2 0
golang.org/x/example/gotypes/nilfunc/main.go:35.2,41.78 3 0
golang.org/x/example/gotypes/nilfunc/main.go:45.2,45.39 1 0
golang.org/x/example/gotypes/nilfunc/main.go:32.16,34.3 1 0
golang.org/x/example/gotypes/nilfunc/main.go:41.78,43.3 1 0
golang.org/x/example/gotypes/nilfunc/main.go:45.39,46.15 1 0
golang.org/x/example/gotypes/nilfunc/main.go:49.3,49.14 1 0
golang.org/x/example/gotypes/nilfunc/main.go:46.15,48.4 1 0
golang.org/x/example/gotypes/nilfunc/main.go:56.59,58.9 2 0
golang.org/x/example/gotypes/nilfunc/main.go:61.2,61.44 1 0
golang.org/x/example/gotypes/nilfunc/main.go:66.2,67.29 2 0
golang.org/x/example/gotypes/nilfunc/main.go:76.2,77.27 2 0
golang.org/x/example/gotypes/nilfunc/main.go:86.2,86.37 1 0
golang.org/x/example/gotypes/nilfunc/main.go:90.2,91.63 1 0
golang.org/x/example/gotypes/nilfunc/main.go:58.9,60.3 1 0
golang.org/x/example/gotypes/nilfunc/main.go:61.44,63.3 1 0
golang.org/x/example/gotypes/nilfunc/main.go:67.29,69.3 1 0
golang.org/x/example/gotypes/nilfunc/main.go:69.8,69.36 1 0
golang.org/x/example/gotypes/nilfunc/main.go:69.36,71.3 1 0
golang.org/x/example/gotypes/nilfunc/main.go:71.8,73.3 1 0
golang.org/x/example/gotypes/nilfunc/main.go:78.18,79.21 1 0
golang.org/x/example/gotypes/nilfunc/main.go:80.25,81.25 1 0
golang.org/x/example/gotypes/nilfunc/main.go:82.10,83.9 1 0
golang.org/x/example/gotypes/nilfunc/main.go:86.37,88.3 1 0
golang.org/x/example/gotypes/skeleton/main.go:28.74,30.16 2 0
golang.org/x/example/gotypes/skeleton/main.go:33.2,33.41 1 0
golang.org/x/example/gotypes/skeleton/main.go:36.2,37.9 2 0
golang.org/x/example/gotypes/skeleton/main.go:42.2,42.34 1 0
golang.org/x/example/gotypes/skeleton/main.go:45.2,50.34 5 0
golang.org/x/example/gotypes/skeleton/main.go:57.2,57.12 1 0
golang.org/x/example/gotypes/skeleton/main.go:30.16,32.3 1 0
golang.org/x/example/gotypes/skeleton/main.go:33.41,35.3 1 0
golang.org/x/example/gotypes/skeleton/main.go:37.9,40.3 1 0
golang.org/x/example/gotypes/skeleton/main.go:42.34,44.3 1 0
golang.org/x/example/gotypes/skeleton/main.go:50.34,56.3 3 0
golang.org/x/example/gotypes/skeleton/main.go:62.40,63.23 1 0
golang.org/x/example/gotypes/skeleton/main.go:69.2,69.17 1 0
golang.org/x/example/gotypes/skeleton/main.go:63.23,65.35 1 0
golang.org/x/example/gotypes/skeleton/main.go:65.35,67.4 1 0
golang.org/x/example/gotypes/skeleton/main.go:72.13,73.23 1 0
golang.org/x/example/gotypes/skeleton/main.go:76.2,82.16 5 0
golang.org/x/example/gotypes/skeleton/main.go:85.2,86.64 2 0
golang.org/x/example/gotypes/skeleton/main.go:73.23,75.3 1 0
golang.org/x/example/gotypes/skeleton/main.go:82.16,84.3 1 0
golang.org/x/example/gotypes/skeleton/main.go:86.64,88.3 1 0
golang.org/x/example/gotypes/typeandvalue/main.go:31.13,33.16 2 0
golang.org/x/example/gotypes/typeandvalue/main.go:37.2,39.79 3 0
golang.org/x/example/gotypes/typeandvalue/main.go:45.2,45.39 1 0
golang.org/x/example/gotypes/typeandvalue/main.go:33.16,35.3 1 0
golang.org/x/example/gotypes/typeandvalue/main.go:39.79,41.3 1 0
golang.org/x/example/gotypes/typeandvalue/main.go:45.39,46.35 1 0
golang.org/x/example/gotypes/typeandvalue/main.go:55.3,55.14 1 0
golang.org/x/example/gotypes/typeandvalue/main.go:46.35,47.38 1 0
golang.org/x/example/gotypes/typeandvalue/main.go:47.38,50.24 3 0
golang.org/x/example/gotypes/typeandvalue/main.go:50.24,52.6 1 0
golang.org/x/example/gotypes/typeandvalue/main.go:61.36,65.2 3 0
golang.org/x/example/gotypes/typeandvalue/main.go:68.41,70.17 2 0
golang.org/x/example/gotypes/typeandvalue/main.go:73.2,73.17 1 0
golang.org/x/example/gotypes/typeandvalue/main.go:76.2,76.20 1 0
golang.org/x/example/gotypes/typeandvalue/main.go:79.2,79.18 1 0
golang.org/x/example/gotypes/typeandvalue/main.go:82.2,82.16 1 0
golang.org/x/example/gotypes/typeandvalue/main.go:85.2,85.22 1 0
golang.org/x/example/gotypes/typeandvalue/main.go:88.2,88.21 1 0
golang.org/x/example/gotypes/typeandvalue/main.go:91.2,91.16 1 0
golang.org/x/example/gotypes/typeandvalue/main.go:94.2,94.14 1 0
golang.org/x/example/gotypes/typeandvalue/main.go:70.17,72.3 1 0
golang.org/x/example/gotypes/typeandvalue/main.go:73.17,75.3 1 0
golang.org/x/example/gotypes/typeandvalue/main.go:76.20,78.3 1 0
golang.org/x/example/gotypes/typeandvalue/main.go:79.18,81.3 1 0
golang.org/x/example/gotypes/typeandvalue/main.go:82.16,84.3 1 0
golang.org/x/example/gotypes/typeandvalue/main.go:85.22,87.3 1 0
golang.org/x/example/gotypes/typeandvalue/main.go:88.21,90.3 1 0
golang.org/x/example/gotypes/typeandvalue/main.go:91.16,93.3 1 0
golang.org/x/example/stringutil/reverse.go:21.31,23.57 2 0
golang.org/x/example/stringutil/reverse.go:26.2,26.18 1 0
golang.org/x/example/stringutil/reverse.go:23.57,25.3 1 0
golang.org/x/example/gotypes/lookup/lookup.go:36.13,39.16 3 0
golang.org/x/example/gotypes/lookup/lookup.go:43.2,45.16 3 0
golang.org/x/example/gotypes/lookup/lookup.go:51.2,51.37 1 0
golang.org/x/example/gotypes/lookup/lookup.go:39.16,41.3 1 0
golang.org/x/example/gotypes/lookup/lookup.go:45.16,47.3 1 0
golang.org/x/example/gotypes/lookup/lookup.go:51.37,56.58 5 0
golang.org/x/example/gotypes/lookup/lookup.go:56.58,58.4 1 0
golang.org/x/example/gotypes/lookup/lookup.go:58.9,60.4 1 0
golang.org/x/example/gotypes/pkginfo/main.go:22.13,29.16 3 0
golang.org/x/example/gotypes/pkginfo/main.go:36.2,41.16 3 0
golang.org/x/example/gotypes/pkginfo/main.go:45.2,48.42 4 0
golang.org/x/example/gotypes/pkginfo/main.go:29.16,31.3 1 0
golang.org/x/example/gotypes/pkginfo/main.go:41.16,43.3 1 0
golang.org/x/example/outyet/main.go:41.13,46.2 4 0
golang.org/x/example/outyet/main.go:70.67,74.2 3 1
golang.org/x/example/outyet/main.go:78.25,79.23 1 1
golang.org/x/example/outyet/main.go:82.2,85.12 4 1
golang.org/x/example/outyet/main.go:79.23,81.3 1 1
golang.org/x/example/outyet/main.go:91.22,91.23 0 0
golang.org/x/example/outyet/main.go:96.32,99.16 3 1
golang.org/x/example/outyet/main.go:105.2,105.38 1 1
golang.org/x/example/outyet/main.go:99.16,104.3 4 0
golang.org/x/example/outyet/main.go:109.68,123.16 6 1
golang.org/x/example/outyet/main.go:123.16,125.3 1 0
